This is pdfTeX, Version 3.14159265-2.6-1.40.17 (TeX Live 2016) (preloaded format=pdflatex 2016.5.22)  6 NOV 2016 00:22
entering extended mode
 restricted \write18 enabled.
 %&-line parsing enabled.
**servsheets.tex
(./servsheets.tex
LaTeX2e <2016/03/31>
Babel <3.9r> and hyphenation patterns for 83 language(s) loaded.
(/usr/local/texlive/2016/texmf-dist/tex/latex/base/article.cls
Document Class: article 2014/09/29 v1.4h Standard LaTeX document class
(/usr/local/texlive/2016/texmf-dist/tex/latex/base/size11.clo
File: size11.clo 2014/09/29 v1.4h Standard LaTeX file (size option)
)
\c@part=\count79
\c@section=\count80
\c@subsection=\count81
\c@subsubsection=\count82
\c@paragraph=\count83
\c@subparagraph=\count84
\c@figure=\count85
\c@table=\count86
\abovecaptionskip=\skip41
\belowcaptionskip=\skip42
\bibindent=\dimen102
)
(./servsheets.aux)
\openout1 = `servsheets.aux'.

LaTeX Font Info:    Checking defaults for OML/cmm/m/it on input line 5.
LaTeX Font Info:    ... okay on input line 5.
LaTeX Font Info:    Checking defaults for T1/cmr/m/n on input line 5.
LaTeX Font Info:    ... okay on input line 5.
LaTeX Font Info:    Checking defaults for OT1/cmr/m/n on input line 5.
LaTeX Font Info:    ... okay on input line 5.
LaTeX Font Info:    Checking defaults for OMS/cmsy/m/n on input line 5.
LaTeX Font Info:    ... okay on input line 5.
LaTeX Font Info:    Checking defaults for OMX/cmex/m/n on input line 5.
LaTeX Font Info:    ... okay on input line 5.
LaTeX Font Info:    Checking defaults for U/cmr/m/n on input line 5.
LaTeX Font Info:    ... okay on input line 5.
LaTeX Font Info:    External font `cmex10' loaded for size
(Font)              <10.95> on input line 13.
LaTeX Font Info:    External font `cmex10' loaded for size
(Font)              <8> on input line 13.
LaTeX Font Info:    External font `cmex10' loaded for size
(Font)              <6> on input line 13.

Overfull \hbox (2.3592pt too wide) in paragraph at lines 7--68
[] 
 []

[1

{/usr/local/texlive/2016/texmf-var/fonts/map/pdftex/updmap/pdftex.map}]
Overfull \hbox (2.3592pt too wide) in paragraph at lines 76--133
[] 
 []

[2]
Overfull \hbox (2.3592pt too wide) in paragraph at lines 135--198
[] 
 []

[3]
Overfull \hbox (2.3592pt too wide) in paragraph at lines 200--263
[] 
 []

[4]
Overfull \hbox (2.3592pt too wide) in paragraph at lines 265--326
[] 
 []

[5]
Overfull \hbox (2.3592pt too wide) in paragraph at lines 328--391
[] 
 []

[6]
Overfull \hbox (2.3592pt too wide) in paragraph at lines 393--454
[] 
 []

[7]
Overfull \hbox (2.3592pt too wide) in paragraph at lines 456--520
[] 
 []

[8]
Overfull \hbox (2.3592pt too wide) in paragraph at lines 522--583
[] 
 []

[9]
Overfull \hbox (2.3592pt too wide) in paragraph at lines 594--651
[] 
 []

[10]
Overfull \hbox (2.3592pt too wide) in paragraph at lines 653--714
[] 
 []

[11]
Overfull \hbox (2.3592pt too wide) in paragraph at lines 716--779
[] 
 []

[12]
Overfull \hbox (2.3592pt too wide) in paragraph at lines 781--842
[] 
 []

[13]
Overfull \hbox (2.3592pt too wide) in paragraph at lines 844--905
[] 
 []

[14]
Overfull \hbox (2.3592pt too wide) in paragraph at lines 907--968
[] 
 []

[15]
Overfull \hbox (2.3592pt too wide) in paragraph at lines 970--1031
[] 
 []

[16]
Overfull \hbox (2.3592pt too wide) in paragraph at lines 1033--1094
[] 
 []

[17]
Overfull \hbox (2.3592pt too wide) in paragraph at lines 1096--1160
[] 
 []

[18]
Overfull \hbox (2.3592pt too wide) in paragraph at lines 1162--1223
[] 
 []

[19]
Overfull \hbox (2.3592pt too wide) in paragraph at lines 1225--1286
[] 
 []

[20]
Overfull \hbox (2.3592pt too wide) in paragraph at lines 1288--1349
[] 
 []

[21]
Overfull \hbox (2.3592pt too wide) in paragraph at lines 1351--1414
[] 
 []

[22]
Overfull \hbox (2.3592pt too wide) in paragraph at lines 1416--1477
[] 
 []

[23]
Overfull \hbox (2.3592pt too wide) in paragraph at lines 1479--1540
[] 
 []

[24]
Overfull \hbox (2.3592pt too wide) in paragraph at lines 1542--1603
[] 
 []

[25]
Overfull \hbox (2.3592pt too wide) in paragraph at lines 1605--1666
[] 
 []

[26]
Overfull \hbox (2.3592pt too wide) in paragraph at lines 1668--1729
[] 
 []

[27]
Overfull \hbox (2.3592pt too wide) in paragraph at lines 1744--1801
[] 
 []

[28]
Overfull \hbox (2.3592pt too wide) in paragraph at lines 1803--1864
[] 
 []

[29]
LaTeX Font Info:    Try loading font information for OML+cmr on input line 1870
.
 (/usr/local/texlive/2016/texmf-dist/tex/latex/base/omlcmr.fd
File: omlcmr.fd 2014/09/29 v2.5h Standard LaTeX font definitions
)
LaTeX Font Info:    Font shape `OML/cmr/m/n' in size <10.95> not available
(Font)              Font shape `OML/cmm/m/it' tried instead on input line 1870.


Overfull \hbox (2.3592pt too wide) in paragraph at lines 1866--1927
[] 
 []

[30]
Overfull \hbox (2.3592pt too wide) in paragraph at lines 1929--1990
[] 
 []

[31]
Overfull \hbox (2.3592pt too wide) in paragraph at lines 1992--2053
[] 
 []

[32]
Overfull \hbox (2.3592pt too wide) in paragraph at lines 2055--2116
[] 
 []

[33]
Overfull \hbox (2.3592pt too wide) in paragraph at lines 2118--2181
[] 
 []

[34]
Overfull \hbox (2.3592pt too wide) in paragraph at lines 2189--2246
[] 
 []

[35]
Overfull \hbox (2.3592pt too wide) in paragraph at lines 2248--2311
[] 
 []

[36]
Overfull \hbox (2.3592pt too wide) in paragraph at lines 2313--2376
[] 
 []

[37]
Overfull \hbox (2.3592pt too wide) in paragraph at lines 2384--2441
[] 
 []

[38]
Overfull \hbox (2.3592pt too wide) in paragraph at lines 2443--2504
[] 
 []

[39]
Overfull \hbox (2.3592pt too wide) in paragraph at lines 2506--2567
[] 
 []

[40]
Overfull \hbox (2.3592pt too wide) in paragraph at lines 2569--2630
[] 
 []

[41]
Overfull \hbox (2.3592pt too wide) in paragraph at lines 2640--2697
[] 
 []

[42]
Overfull \hbox (2.3592pt too wide) in paragraph at lines 2699--2760
[] 
 []

[43]
Overfull \hbox (2.3592pt too wide) in paragraph at lines 2762--2825
[] 
 []

[44]
Overfull \hbox (2.3592pt too wide) in paragraph at lines 2827--2888
[] 
 []

[45]
Overfull \hbox (2.3592pt too wide) in paragraph at lines 2890--2951
[] 
 []

[46]
Overfull \hbox (2.3592pt too wide) in paragraph at lines 2953--3017
[] 
 []

[47]
Overfull \hbox (2.3592pt too wide) in paragraph at lines 3027--3084
[] 
 []

[48]
Overfull \hbox (2.3592pt too wide) in paragraph at lines 3086--3147
[] 
 []

[49]
Overfull \hbox (2.3592pt too wide) in paragraph at lines 3149--3210
[] 
 []

[50]
Overfull \hbox (2.3592pt too wide) in paragraph at lines 3212--3273
[] 
 []

[51]
Overfull \hbox (2.3592pt too wide) in paragraph at lines 3275--3336
[] 
 []

[52]
Missing character: There is no ‚ in font cmr10!
Missing character: There is no Ä in font cmr10!
Missing character: There is no ô in font cmr10!

Overfull \hbox (2.3592pt too wide) in paragraph at lines 3344--3401
[] 
 []

[53]
Overfull \hbox (2.3592pt too wide) in paragraph at lines 3403--3464
[] 
 []

[54]
Overfull \hbox (2.3592pt too wide) in paragraph at lines 3466--3527
[] 
 []

[55]
Overfull \hbox (2.3592pt too wide) in paragraph at lines 3529--3590
[] 
 []

[56]
Overfull \hbox (2.3592pt too wide) in paragraph at lines 3592--3653
[] 
 []

[57]
Overfull \hbox (2.3592pt too wide) in paragraph at lines 3655--3716
[] 
 []

[58]
Missing character: There is no ‚ in font cmr10!
Missing character: There is no Ä in font cmr10!
Missing character: There is no ô in font cmr10!
Missing character: There is no ‚ in font cmr10!
Missing character: There is no Ä in font cmr10!
Missing character: There is no ô in font cmr10!
Missing character: There is no ‚ in font cmr10!
Missing character: There is no Ä in font cmr10!
Missing character: There is no ô in font cmr10!

Overfull \hbox (2.3592pt too wide) in paragraph at lines 3718--3779
[] 
 []

[59]
Overfull \hbox (2.3592pt too wide) in paragraph at lines 3781--3844
[] 
 []

[60]
Underfull \hbox (badness 10000) in paragraph at lines 3846--3850

 []


Overfull \hbox (2.3592pt too wide) in paragraph at lines 3851--3908
[] 
 []

[61]
Overfull \hbox (2.3592pt too wide) in paragraph at lines 3910--3971
[] 
 []

[62]
Overfull \hbox (2.3592pt too wide) in paragraph at lines 3973--4036
[] 
 []

[63]
Overfull \hbox (2.3592pt too wide) in paragraph at lines 4038--4101
[] 
 []

[64]
Overfull \hbox (2.3592pt too wide) in paragraph at lines 4103--4164
[] 
 []

[65]
Overfull \hbox (2.3592pt too wide) in paragraph at lines 4166--4227
[] 
 []

[66]
Overfull \hbox (2.3592pt too wide) in paragraph at lines 4229--4290
[] 
 []

[67]
Overfull \hbox (2.3592pt too wide) in paragraph at lines 4307--4365
[] 
 []

[68] [69]
Overfull \hbox (2.3592pt too wide) in paragraph at lines 4367--4430
[] 
 []

[70]
Overfull \hbox (2.3592pt too wide) in paragraph at lines 4432--4493
[] 
 []

[71]
Overfull \hbox (2.3592pt too wide) in paragraph at lines 4495--4556
[] 
 []

[72]
Overfull \hbox (2.3592pt too wide) in paragraph at lines 4558--4621
[] 
 []

[73]
Overfull \hbox (2.3592pt too wide) in paragraph at lines 4623--4686
[] 
 []

[74]
Overfull \hbox (2.3592pt too wide) in paragraph at lines 4688--4749
[] 
 []

[75]
Overfull \hbox (2.3592pt too wide) in paragraph at lines 4751--4814
[] 
 []

[76]
Overfull \hbox (2.3592pt too wide) in paragraph at lines 4816--4877
[] 
 []

[77]
Overfull \hbox (2.3592pt too wide) in paragraph at lines 4879--4942
[] 
 []

[78]
Overfull \hbox (2.3592pt too wide) in paragraph at lines 4944--5007
[] 
 []

[79]
Overfull \hbox (2.3592pt too wide) in paragraph at lines 5009--5070
[] 
 []

[80]
Overfull \hbox (2.3592pt too wide) in paragraph at lines 5072--5133
[] 
 []

[81]
Overfull \hbox (2.3592pt too wide) in paragraph at lines 5135--5196
[] 
 []

[82]
Overfull \hbox (2.3592pt too wide) in paragraph at lines 5198--5259
[] 
 []

[83]
Overfull \hbox (2.3592pt too wide) in paragraph at lines 5261--5322
[] 
 []

[84]
Overfull \hbox (2.3592pt too wide) in paragraph at lines 5324--5385
[] 
 []

[85]
Overfull \hbox (2.3592pt too wide) in paragraph at lines 5387--5448
[] 
 []

[86]
Overfull \hbox (2.3592pt too wide) in paragraph at lines 5458--5515
[] 
 []

[87] [88]
Overfull \hbox (2.3592pt too wide) in paragraph at lines 5517--5578
[] 
 []

[89]
Overfull \hbox (2.3592pt too wide) in paragraph at lines 5580--5641
[] 
 []

[90]
Overfull \hbox (2.3592pt too wide) in paragraph at lines 5649--5706
[] 
 []

[91]
Overfull \hbox (2.3592pt too wide) in paragraph at lines 5708--5769
[] 
 []

[92]
Overfull \hbox (2.3592pt too wide) in paragraph at lines 5777--5834
[] 
 []

[93]
Overfull \hbox (2.3592pt too wide) in paragraph at lines 5836--5899
[] 
 []

[94]
Overfull \hbox (2.3592pt too wide) in paragraph at lines 5901--5962
[] 
 []

[95]
Overfull \hbox (2.3592pt too wide) in paragraph at lines 5964--6025
[] 
 []

[96]
Overfull \hbox (2.3592pt too wide) in paragraph at lines 6027--6088
[] 
 []

[97]
Overfull \hbox (2.3592pt too wide) in paragraph at lines 6090--6151
[] 
 []

[98]
Overfull \hbox (2.3592pt too wide) in paragraph at lines 6159--6217
[] 
 []

[99]
Overfull \hbox (2.3592pt too wide) in paragraph at lines 6219--6282
[] 
 []

[100]
Overfull \hbox (2.3592pt too wide) in paragraph at lines 6284--6345
[] 
 []

[101]
Overfull \hbox (2.3592pt too wide) in paragraph at lines 6347--6408
[] 
 []

[102]
Overfull \hbox (2.3592pt too wide) in paragraph at lines 6410--6473
[] 
 []

[103]
Overfull \hbox (2.3592pt too wide) in paragraph at lines 6475--6536
[] 
 []

[104]
Overfull \hbox (2.3592pt too wide) in paragraph at lines 6538--6599
[] 
 []

[105]
Overfull \hbox (2.3592pt too wide) in paragraph at lines 6607--6664
[] 
 []

[106]
Overfull \hbox (2.3592pt too wide) in paragraph at lines 6666--6729
[] 
 []

[107]
Overfull \hbox (2.3592pt too wide) in paragraph at lines 6731--6792
[] 
 []

[108]
Overfull \hbox (2.3592pt too wide) in paragraph at lines 6794--6855
[] 
 []

[109]
Overfull \hbox (2.3592pt too wide) in paragraph at lines 6857--6918
[] 
 []

[110]
Overfull \hbox (2.3592pt too wide) in paragraph at lines 6920--6981
[] 
 []

[111]
Overfull \hbox (2.3592pt too wide) in paragraph at lines 6983--7044
[] 
 []

[112]
Overfull \hbox (2.3592pt too wide) in paragraph at lines 7046--7109
[] 
 []

[113]
Overfull \hbox (2.3592pt too wide) in paragraph at lines 7111--7174
[] 
 []

[114]
Overfull \hbox (2.3592pt too wide) in paragraph at lines 7176--7242
[] 
 []

[115]
Overfull \hbox (2.3592pt too wide) in paragraph at lines 7244--7305
[] 
 []

[116]
Overfull \hbox (2.3592pt too wide) in paragraph at lines 7307--7368
[] 
 []

[117]
Overfull \hbox (2.3592pt too wide) in paragraph at lines 7370--7431
[] 
 []

[118]
Overfull \hbox (2.3592pt too wide) in paragraph at lines 7433--7496
[] 
 []

[119]
Overfull \hbox (2.3592pt too wide) in paragraph at lines 7498--7561
[] 
 []

[120]
Overfull \hbox (2.3592pt too wide) in paragraph at lines 7563--7626
[] 
 []

[121]
Overfull \hbox (2.3592pt too wide) in paragraph at lines 7628--7689
[] 
 []

[122]
Overfull \hbox (2.3592pt too wide) in paragraph at lines 7691--7752
[] 
 []

[123]
Overfull \hbox (2.3592pt too wide) in paragraph at lines 7767--7828
[] 
 []

[124] [125]
Overfull \hbox (2.3592pt too wide) in paragraph at lines 7830--7893
[] 
 []

[126]
Overfull \hbox (2.3592pt too wide) in paragraph at lines 7895--7956
[] 
 []

[127]
Overfull \hbox (2.3592pt too wide) in paragraph at lines 7958--8021
[] 
 []

[128]
Overfull \hbox (2.3592pt too wide) in paragraph at lines 8023--8084
[] 
 []

[129]
Overfull \hbox (2.3592pt too wide) in paragraph at lines 8086--8147
[] 
 []

[130]
Overfull \hbox (2.3592pt too wide) in paragraph at lines 8162--8219
[] 
 []

[131]
Overfull \hbox (2.3592pt too wide) in paragraph at lines 8221--8284
[] 
 []

[132]
Overfull \hbox (2.3592pt too wide) in paragraph at lines 8286--8347
[] 
 []

[133]
Overfull \hbox (2.3592pt too wide) in paragraph at lines 8370--8427
[] 
 []

[134] [135]
Overfull \hbox (2.3592pt too wide) in paragraph at lines 8429--8492
[] 
 []

[136]
Overfull \hbox (2.3592pt too wide) in paragraph at lines 8500--8557
[] 
 []

[137]
Overfull \hbox (2.3592pt too wide) in paragraph at lines 8569--8626
[] 
 []

[138]
Overfull \hbox (2.3592pt too wide) in paragraph at lines 8628--8689
[] 
 []

[139]
Overfull \hbox (2.3592pt too wide) in paragraph at lines 8691--8754
[] 
 []

[140]
Overfull \hbox (2.3592pt too wide) in paragraph at lines 8756--8817
[] 
 []

[141]
Overfull \hbox (2.3592pt too wide) in paragraph at lines 8819--8880
[] 
 []

[142]
Overfull \hbox (2.3592pt too wide) in paragraph at lines 8888--8945
[] 
 []

[143]
Overfull \hbox (2.3592pt too wide) in paragraph at lines 8947--9008
[] 
 []

[144]
Overfull \hbox (2.3592pt too wide) in paragraph at lines 9010--9071
[] 
 []

[145]
Overfull \hbox (2.3592pt too wide) in paragraph at lines 9081--9138
[] 
 []

[146]
Overfull \hbox (2.3592pt too wide) in paragraph at lines 9140--9201
[] 
 []

[147]
Overfull \hbox (2.3592pt too wide) in paragraph at lines 9203--9264
[] 
 []

[148]
Overfull \hbox (2.3592pt too wide) in paragraph at lines 9266--9327
[] 
 []

[149]
Overfull \hbox (2.3592pt too wide) in paragraph at lines 9329--9390
[] 
 []

[150]
Overfull \hbox (2.3592pt too wide) in paragraph at lines 9392--9453
[] 
 []

[151]
Overfull \hbox (2.3592pt too wide) in paragraph at lines 9463--9520
[] 
 []

[152]
Overfull \hbox (2.3592pt too wide) in paragraph at lines 9522--9585
[] 
 []

[153]
Overfull \hbox (2.3592pt too wide) in paragraph at lines 9587--9648
[] 
 []

[154]
Overfull \hbox (2.3592pt too wide) in paragraph at lines 9650--9713
[] 
 []

[155]
Overfull \hbox (2.3592pt too wide) in paragraph at lines 9715--9776
[] 
 []

[156]
Overfull \hbox (2.3592pt too wide) in paragraph at lines 9778--9839
[] 
 []

[157]
Overfull \hbox (2.3592pt too wide) in paragraph at lines 9841--9902
[] 
 []

[158]
Overfull \hbox (2.3592pt too wide) in paragraph at lines 9904--9967
[] 
 []

[159]
Overfull \hbox (2.3592pt too wide) in paragraph at lines 9969--10030
[] 
 []

[160]
Overfull \hbox (2.3592pt too wide) in paragraph at lines 10042--10099
[] 
 []

[161]
Overfull \hbox (2.3592pt too wide) in paragraph at lines 10101--10162
[] 
 []

[162]
Overfull \hbox (2.3592pt too wide) in paragraph at lines 10170--10227
[] 
 []

[163]
Overfull \hbox (2.3592pt too wide) in paragraph at lines 10229--10290
[] 
 []

[164]
Missing character: There is no ‚ in font cmr10!
Missing character: There is no Ä in font cmr10!
Missing character: There is no ù in font cmr10!
Missing character: There is no ‚ in font cmr10!
Missing character: There is no Ä in font cmr10!
Missing character: There is no ù in font cmr10!
Missing character: There is no ‚ in font cmr10!
Missing character: There is no Ä in font cmr10!
Missing character: There is no ù in font cmr10!
Missing character: There is no ‚ in font cmr10!
Missing character: There is no Ä in font cmr10!
Missing character: There is no ù in font cmr10!

Overfull \hbox (2.3592pt too wide) in paragraph at lines 10298--10355
[] 
 []

[165]
Overfull \hbox (2.3592pt too wide) in paragraph at lines 10357--10418
[] 
 []

[166]
Overfull \hbox (2.3592pt too wide) in paragraph at lines 10420--10481
[] 
 []

[167]
Overfull \hbox (2.3592pt too wide) in paragraph at lines 10483--10546
[] 
 []

[168]
Overfull \hbox (2.3592pt too wide) in paragraph at lines 10548--10609
[] 
 []

[169]
Overfull \hbox (2.3592pt too wide) in paragraph at lines 10617--10674
[] 
 []

[170]
Overfull \hbox (2.3592pt too wide) in paragraph at lines 10676--10737
[] 
 []

[171]
Overfull \hbox (2.3592pt too wide) in paragraph at lines 10739--10800
[] 
 []

[172]
Overfull \hbox (2.3592pt too wide) in paragraph at lines 10802--10865
[] 
 []

[173]
Overfull \hbox (2.3592pt too wide) in paragraph at lines 10867--10928
[] 
 []

[174]
Overfull \hbox (2.3592pt too wide) in paragraph at lines 10930--10991
[] 
 []

[175]
Overfull \hbox (2.3592pt too wide) in paragraph at lines 10993--11056
[] 
 []

[176]
Overfull \hbox (2.3592pt too wide) in paragraph at lines 11058--11119
[] 
 []

[177]
Overfull \hbox (2.3592pt too wide) in paragraph at lines 11121--11184
[] 
 []

[178]
Overfull \hbox (2.3592pt too wide) in paragraph at lines 11186--11247
[] 
 []

[179]
Overfull \hbox (2.3592pt too wide) in paragraph at lines 11249--11312
[] 
 []

[180]
Overfull \hbox (2.3592pt too wide) in paragraph at lines 11314--11375
[] 
 []

[181]
Overfull \hbox (2.3592pt too wide) in paragraph at lines 11377--11441
[] 
 []

[182]
Missing character: There is no ‚ in font cmr10!
Missing character: There is no Ä in font cmr10!
Missing character: There is no ô in font cmr10!

Overfull \hbox (2.3592pt too wide) in paragraph at lines 11443--11504
[] 
 []

[183]
Missing character: There is no ‚ in font cmr10!
Missing character: There is no Ä in font cmr10!
Missing character: There is no ô in font cmr10!
Missing character: There is no ‚ in font cmr10!
Missing character: There is no Ä in font cmr10!
Missing character: There is no ô in font cmr10!

Overfull \hbox (2.3592pt too wide) in paragraph at lines 11506--11567
[] 
 []

[184]
Overfull \hbox (2.3592pt too wide) in paragraph at lines 11569--11632
[] 
 []

[185]
Overfull \hbox (2.3592pt too wide) in paragraph at lines 11634--11695
[] 
 []

[186]
Overfull \hbox (2.3592pt too wide) in paragraph at lines 11703--11760
[] 
 []

[187]
Overfull \hbox (2.3592pt too wide) in paragraph at lines 11762--11823
[] 
 []

[188]
Overfull \hbox (2.3592pt too wide) in paragraph at lines 11825--11886
[] 
 []

[189]
Overfull \hbox (2.3592pt too wide) in paragraph at lines 11896--11953
[] 
 []

[190]
Overfull \hbox (2.3592pt too wide) in paragraph at lines 11955--12016
[] 
 []

[191]
Overfull \hbox (2.3592pt too wide) in paragraph at lines 12018--12079
[] 
 []

[192]
Overfull \hbox (2.3592pt too wide) in paragraph at lines 12081--12143
[] 
 []

[193]
Overfull \hbox (2.3592pt too wide) in paragraph at lines 12145--12208
[] 
 []

[194]
Overfull \hbox (2.3592pt too wide) in paragraph at lines 12210--12271
[] 
 []

[195]
Overfull \hbox (2.3592pt too wide) in paragraph at lines 12273--12336
[] 
 []

[196]
Overfull \hbox (2.3592pt too wide) in paragraph at lines 12338--12399
[] 
 []

[197]
Overfull \hbox (2.3592pt too wide) in paragraph at lines 12401--12462
[] 
 []

[198]
Overfull \hbox (2.3592pt too wide) in paragraph at lines 12464--12525
[] 
 []

[199]
Overfull \hbox (2.3592pt too wide) in paragraph at lines 12527--12588
[] 
 []

[200]
Overfull \hbox (2.3592pt too wide) in paragraph at lines 12590--12651
[] 
 []

[201]
Overfull \hbox (2.3592pt too wide) in paragraph at lines 12653--12714
[] 
 []

[202]
Overfull \hbox (2.3592pt too wide) in paragraph at lines 12716--12777
[] 
 []

[203]
Overfull \hbox (2.3592pt too wide) in paragraph at lines 12779--12841
[] 
 []

[204]
Overfull \hbox (2.3592pt too wide) in paragraph at lines 12843--12904
[] 
 []

[205]
Overfull \hbox (2.3592pt too wide) in paragraph at lines 12906--12967
[] 
 []

[206]
Overfull \hbox (2.3592pt too wide) in paragraph at lines 12977--13041
[] 
 []

[207] [208]
Overfull \hbox (2.3592pt too wide) in paragraph at lines 13043--13104
[] 
 []

[209]
Overfull \hbox (2.3592pt too wide) in paragraph at lines 13106--13167
[] 
 []

[210]
Overfull \hbox (2.3592pt too wide) in paragraph at lines 13177--13234
[] 
 []

[211]
Overfull \hbox (2.3592pt too wide) in paragraph at lines 13236--13297
[] 
 []

[212]
Overfull \hbox (2.3592pt too wide) in paragraph at lines 13299--13360
[] 
 []

[213]
Overfull \hbox (2.3592pt too wide) in paragraph at lines 13362--13423
[] 
 []

[214]
Overfull \hbox (2.3592pt too wide) in paragraph at lines 13425--13486
[] 
 []

[215]
Overfull \hbox (2.3592pt too wide) in paragraph at lines 13488--13549
[] 
 []

[216]
Overfull \hbox (2.3592pt too wide) in paragraph at lines 13559--13616
[] 
 []

[217]
Overfull \hbox (2.3592pt too wide) in paragraph at lines 13618--13679
[] 
 []

[218]
Overfull \hbox (2.3592pt too wide) in paragraph at lines 13681--13742
[] 
 []

[219]
Overfull \hbox (2.3592pt too wide) in paragraph at lines 13744--13805
[] 
 []

[220]
Overfull \hbox (2.3592pt too wide) in paragraph at lines 13815--13872
[] 
 []

[221]
Overfull \hbox (2.3592pt too wide) in paragraph at lines 13874--13935
[] 
 []

[222]
Overfull \hbox (2.3592pt too wide) in paragraph at lines 13937--13998
[] 
 []

[223]
Overfull \hbox (2.3592pt too wide) in paragraph at lines 14000--14061
[] 
 []

[224]
Overfull \hbox (2.3592pt too wide) in paragraph at lines 14063--14124
[] 
 []

[225]
Overfull \hbox (2.3592pt too wide) in paragraph at lines 14126--14187
[] 
 []

[226]
Overfull \hbox (2.3592pt too wide) in paragraph at lines 14189--14250
[] 
 []

[227]
Overfull \hbox (2.3592pt too wide) in paragraph at lines 14252--14313
[] 
 []

[228]
Overfull \hbox (2.3592pt too wide) in paragraph at lines 14315--14376
[] 
 []

[229]
Overfull \hbox (2.3592pt too wide) in paragraph at lines 14378--14439
[] 
 []

[230]
Missing character: There is no ‚ in font cmr10!
Missing character: There is no Ä in font cmr10!
Missing character: There is no ú in font cmr10!
Missing character: There is no ‚ in font cmr10!
Missing character: There is no Ä in font cmr10!
Missing character: There is no ù in font cmr10!
Missing character: There is no ‚ in font cmr10!
Missing character: There is no Ä in font cmr10!
Missing character: There is no ô in font cmr10!
Missing character: There is no ‚ in font cmr10!
Missing character: There is no Ä in font cmr10!
Missing character: There is no ô in font cmr10!

Overfull \hbox (2.3592pt too wide) in paragraph at lines 14441--14502
[] 
 []

[231]
Overfull \hbox (2.3592pt too wide) in paragraph at lines 14504--14565
[] 
 []

[232]
Overfull \hbox (2.3592pt too wide) in paragraph at lines 14567--14630
[] 
 []

[233]
Overfull \hbox (2.3592pt too wide) in paragraph at lines 14632--14693
[] 
 []

[234]
Overfull \hbox (2.3592pt too wide) in paragraph at lines 14695--14756
[] 
 []

[235]
Overfull \hbox (2.3592pt too wide) in paragraph at lines 14758--14821
[] 
 []

[236]
Overfull \hbox (2.3592pt too wide) in paragraph at lines 14823--14886
[] 
 []

[237]
Overfull \hbox (2.3592pt too wide) in paragraph at lines 14888--14951
[] 
 []

[238]
Overfull \hbox (8.7412pt too wide) in paragraph at lines 14952--14952
[]\OT1/cmr/bx/n/14.4 6.42 The first clue to an Encryption-Scavenger-Hunt-Puzzle
-Mystery 
 []


Overfull \hbox (2.3592pt too wide) in paragraph at lines 14953--15016
[] 
 []

[239]
Overfull \hbox (2.3592pt too wide) in paragraph at lines 15018--15079
[] 
 []

[240]
Overfull \hbox (2.3592pt too wide) in paragraph at lines 15081--15142
[] 
 []

[241]
Overfull \hbox (2.3592pt too wide) in paragraph at lines 15144--15205
[] 
 []

[242]
Overfull \hbox (2.3592pt too wide) in paragraph at lines 15207--15268
[] 
 []

[243]
Overfull \hbox (2.3592pt too wide) in paragraph at lines 15270--15331
[] 
 []

[244]
Overfull \hbox (2.3592pt too wide) in paragraph at lines 15333--15394
[] 
 []

[245]
Overfull \hbox (2.3592pt too wide) in paragraph at lines 15408--15465
[] 
 []

[246] [247]
Missing character: There is no ‚ in font cmr10!
Missing character: There is no Ä in font cmr10!
Missing character: There is no ô in font cmr10!

Overfull \hbox (2.3592pt too wide) in paragraph at lines 15467--15528
[] 
 []

[248]
Overfull \hbox (2.3592pt too wide) in paragraph at lines 15530--15591
[] 
 []

[249]
Overfull \hbox (2.3592pt too wide) in paragraph at lines 15593--15654
[] 
 []

[250]
Overfull \hbox (2.3592pt too wide) in paragraph at lines 15656--15719
[] 
 []

[251]
Missing character: There is no ‚ in font cmr10!
Missing character: There is no Ä in font cmr10!
Missing character: There is no ô in font cmr10!
Missing character: There is no ‚ in font cmr10!
Missing character: There is no Ä in font cmr10!
Missing character: There is no ô in font cmr10!

Overfull \hbox (2.3592pt too wide) in paragraph at lines 15721--15782
[] 
 []

[252]
Overfull \hbox (2.3592pt too wide) in paragraph at lines 15792--15849
[] 
 []

[253] [254]
Overfull \hbox (2.3592pt too wide) in paragraph at lines 15851--15912
[] 
 []

[255]
Overfull \hbox (2.3592pt too wide) in paragraph at lines 15920--15977
[] 
 []

[256]
Overfull \hbox (2.3592pt too wide) in paragraph at lines 15979--16042
[] 
 []

[257] (./servsheets.aux) ) 
Here is how much of TeX's memory you used:
 241 strings out of 493014
 2758 string characters out of 6133351
 59601 words of memory out of 5000000
 3859 multiletter control sequences out of 15000+600000
 6984 words of font info for 25 fonts, out of 8000000 for 9000
 1141 hyphenation exceptions out of 8191
 21i,6n,19p,875b,107s stack positions out of 5000i,500n,10000p,200000b,80000s
</usr/local/texlive/2016/texmf-dist/fonts/type1/publi
c/amsfonts/cm/cmbx12.pfb></usr/local/texlive/2016/texmf-dist/fonts/type1/public
/amsfonts/cm/cmmi10.pfb></usr/local/texlive/2016/texmf-dist/fonts/type1/public/
amsfonts/cm/cmr10.pfb>
Output written on servsheets.pdf (257 pages, 278748 bytes).
PDF statistics:
 846 PDF objects out of 1000 (max. 8388607)
 578 compressed objects within 6 object streams
 0 named destinations out of 1000 (max. 500000)
 1 words of extra memory for PDF output out of 10000 (max. 10000000)

